ERC report (2026-04-09T08:33:36-0500, Encoding UTF8)
Report includes: Errors, Warnings

***** Sheet /
[power_pin_not_driven]: Input Power pin not driven by any Output Power pins
    ; error
    @(6100 mils, 5500 mils): Symbol #PWR01 Pin 1 [Power input, Line]
[lib_symbol_issues]: The current configuration does not include the symbol library 'XIAO ESP32C3_v1.3-eagle-import'
    ; warning
    @(1900 mils, 1800 mils): Symbol R22 [RES-0201]
[pin_to_pin]: Pins of type Unspecified and Passive are connected
    ; warning
    @(2450 mils, 2000 mils): Symbol PWR1 Pin 1 [1, Unspecified, Line]
    @(2250 mils, 1550 mils): Symbol Q3 Pin 3 [D, Passive, Line]
[pin_to_pin]: Pins of type Unspecified and Passive are connected
    ; warning
    @(2450 mils, 2200 mils): Symbol PWR1 Pin 2 [2, Unspecified, Line]
    @(1850 mils, 2200 mils): Symbol R2 Pin 2 [Passive, Line]
[pin_to_pin]: Pins of type Unspecified and Unspecified are connected
    ; warning
    @(1250 mils, 3750 mils): Symbol FUNC1 Pin 1 [1, Unspecified, Line]
    @(8700 mils, 4900 mils): Symbol U1 Pin 6 [IO7, Unspecified, Line]
[lib_symbol_issues]: The current configuration does not include the symbol library 'XIAO ESP32C3_v1.3-eagle-import'
    ; warning
    @(2050 mils, 3500 mils): Symbol R20 [RES-0201]
[pin_to_pin]: Pins of type Unspecified and Power input are connected
    ; warning
    @(1650 mils, 3750 mils): Symbol FUNC1 Pin 2 [2, Unspecified, Line]
    @(1750 mils, 3750 mils): Symbol #PWR06 Pin 1 [Power input, Line]
[lib_symbol_issues]: The current configuration does not include the symbol library 'XIAO ESP32C3_v1.3-eagle-import'
    ; warning
    @(1900 mils, 3650 mils): Symbol R21 [RES-0201]
[pin_to_pin]: Pins of type Unspecified and Unspecified are connected
    ; warning
    @(3850 mils, 1850 mils): Symbol F1 Pin 1 [1, Unspecified, Line]
    @(1800 mils, 5650 mils): Symbol J1 Pin 2 [VBUS, Unspecified, Line]
[pin_to_pin]: Pins of type Unspecified and Unspecified are connected
    ; warning
    @(2350 mils, 3650 mils): Symbol D2 Pin 2 [A, Unspecified, Line]
    @(2350 mils, 4100 mils): Symbol Q2 Pin 3 [D, Unspecified, Line]
[pin_to_pin]: Pins of type Unspecified and Passive are connected
    ; warning
    @(2150 mils, 3800 mils): Symbol Q2 Pin 1 [G, Unspecified, Line]
    @(2050 mils, 3650 mils): Symbol R20 Pin 1 [1, Passive, Line]
[pin_to_pin]: Pins of type Unspecified and Power input are connected
    ; warning
    @(1950 mils, 4100 mils): Symbol Q2 Pin 2 [S, Unspecified, Line]
    @(1750 mils, 3750 mils): Symbol #PWR06 Pin 1 [Power input, Line]
[pin_to_pin]: Pins of type Unspecified and Unspecified are connected
    ; warning
    @(2750 mils, 3650 mils): Symbol D2 Pin 1 [K, Unspecified, Line]
    @(1900 mils, 4800 mils): Symbol LED1 Pin 1 [COM+, Unspecified, Line]
[pin_to_pin]: Pins of type Unspecified and Passive are connected
    ; warning
    @(4400 mils, 1400 mils): Symbol Q1 Pin 3 [D, Unspecified, Line]
    @(1850 mils, 2200 mils): Symbol R2 Pin 2 [Passive, Line]
[pin_to_pin]: Pins of type Unspecified and Passive are connected
    ; warning
    @(4250 mils, 1850 mils): Symbol F1 Pin 2 [2, Unspecified, Line]
    @(4350 mils, 2000 mils): Symbol C3 Pin 2 [2, Passive, Line]
[pin_to_pin]: Pins of type Unspecified and Unspecified are connected
    ; warning
    @(2750 mils, 3800 mils): Symbol BUZZER1 Pin 1 [+, Unspecified, Line]
    @(2750 mils, 3650 mils): Symbol D2 Pin 1 [K, Unspecified, Line]
[pin_to_pin]: Pins of type Unspecified and Unspecified are connected
    ; warning
    @(2750 mils, 3900 mils): Symbol BUZZER1 Pin 2 [-, Unspecified, Line]
    @(2350 mils, 4100 mils): Symbol Q2 Pin 3 [D, Unspecified, Line]
[lib_symbol_issues]: The current configuration does not include the symbol library 'XIAO ESP32C3_v1.3-eagle-import'
    ; warning
    @(4350 mils, 2150 mils): Symbol C3 [CAP-0201]
[pin_to_pin]: Pins of type Unspecified and Passive are connected
    ; warning
    @(4600 mils, 1800 mils): Symbol Q1 Pin 1 [G, Unspecified, Line]
    @(4600 mils, 2000 mils): Symbol R3 Pin 2 [2, Passive, Line]
[pin_to_pin]: Pins of type Unspecified and Passive are connected
    ; warning
    @(1900 mils, 4600 mils): Symbol LED1 Pin 2 [-, Unspecified, Line]
    @(1900 mils, 4600 mils): Symbol R6 Pin 1 [Passive, Line]
[pin_to_pin]: Pins of type Unspecified and Passive are connected
    ; warning
    @(4800 mils, 1400 mils): Symbol Q1 Pin 2 [S, Unspecified, Line]
    @(5250 mils, 1800 mils): Symbol C4 Pin 1 [1, Passive, Line]
[pin_to_pin]: Pins of type Unspecified and Unspecified are connected
    ; warning
    @(4700 mils, 1850 mils): Symbol D1 Pin 2 [A, Unspecified, Line]
    @(4600 mils, 1800 mils): Symbol Q1 Pin 1 [G, Unspecified, Line]
[lib_symbol_issues]: The current configuration does not include the symbol library 'XIAO ESP32C3_v1.3-eagle-import'
    ; warning
    @(4600 mils, 2150 mils): Symbol R3 [RES-0201]
[pin_to_pin]: Pins of type Unspecified and Passive are connected
    ; warning
    @(1900 mils, 4800 mils): Symbol LED1 Pin 1 [COM+, Unspecified, Line]
    @(3850 mils, 4600 mils): Symbol R14 Pin 1 [Passive, Line]
[pin_to_pin]: Pins of type Unspecified and Passive are connected
    ; warning
    @(2500 mils, 4600 mils): Symbol LED1 Pin 3 [-, Unspecified, Line]
    @(2500 mils, 4600 mils): Symbol R7 Pin 2 [Passive, Line]
[lib_symbol_issues]: The current configuration does not include the symbol library 'Power_Gnd'
    ; warning
    @(4600 mils, 2550 mils): Symbol #PWR013 [GND]
[pin_to_pin]: Pins of type Unspecified and Passive are connected
    ; warning
    @(2500 mils, 4800 mils): Symbol LED1 Pin 4 [-, Unspecified, Line]
    @(2500 mils, 4800 mils): Symbol R8 Pin 2 [Passive, Line]
[pin_to_pin]: Pins of type Unspecified and Passive are connected
    ; warning
    @(5100 mils, 1850 mils): Symbol D1 Pin 1 [K, Unspecified, Line]
    @(5250 mils, 1800 mils): Symbol C4 Pin 1 [1, Passive, Line]
[lib_symbol_issues]: The current configuration does not include the symbol library 'XIAO ESP32C3_v1.3-eagle-import'
    ; warning
    @(5250 mils, 1950 mils): Symbol C4 [CAP-0201]
[pin_to_pin]: Pins of type Unspecified and Power input are connected
    ; warning
    @(1800 mils, 5550 mils): Symbol J1 Pin 1 [GND, Unspecified, Line]
    @(1400 mils, 5550 mils): Symbol #PWR09 Pin 1 [Power input, Line]
[lib_symbol_issues]: The current configuration does not include the symbol library 'XIAO ESP32C3_v1.3-eagle-import'
    ; warning
    @(5500 mils, 1950 mils): Symbol C5 [CAP-0201]
[lib_symbol_issues]: The current configuration does not include the symbol library 'XIAO ESP32C3_v1.3-eagle-import'
    ; warning
    @(5650 mils, 1650 mils): Symbol R19 [RES-0201]
[pin_to_pin]: Pins of type Unspecified and Unspecified are connected
    ; warning
    @(1800 mils, 5650 mils): Symbol J1 Pin 2 [VBUS, Unspecified, Line]
    @(1800 mils, 6550 mils): Symbol J1 Pin 11 [VBUS, Unspecified, Line]
[pin_to_pin]: Pins of type Unspecified and Passive are connected
    ; warning
    @(5850 mils, 1500 mils): Symbol U2 Pin 1 [IN, Unspecified, Line]
    @(5650 mils, 1500 mils): Symbol R19 Pin 2 [2, Passive, Line]
[pin_to_pin]: Pins of type Unspecified and Passive are connected
    ; warning
    @(5850 mils, 1600 mils): Symbol U2 Pin 2 [GND, Unspecified, Line]
    @(5500 mils, 2100 mils): Symbol C5 Pin 2 [2, Passive, Line]
[pin_to_pin]: Pins of type Unspecified and Passive are connected
    ; warning
    @(5850 mils, 1700 mils): Symbol U2 Pin 3 [EN, Unspecified, Line]
    @(5650 mils, 1800 mils): Symbol R19 Pin 1 [1, Passive, Line]
[pin_to_pin]: Pins of type Unspecified and Passive are connected
    ; warning
    @(1800 mils, 5850 mils): Symbol J1 Pin 4 [CC1, Unspecified, Line]
    @(1400 mils, 5850 mils): Symbol R9 Pin 2 [Passive, Line]
[pin_to_pin]: Pins of type Unspecified and Unspecified are connected
    ; warning
    @(5850 mils, 1900 mils): Symbol RST1 Pin 2 [2, Unspecified, Line]
    @(5850 mils, 1700 mils): Symbol U2 Pin 3 [EN, Unspecified, Line]
[pin_to_pin]: Pins of type Unspecified and Unspecified are connected
    ; warning
    @(1800 mils, 5950 mils): Symbol J1 Pin 5 [DN2, Unspecified, Line]
    @(1800 mils, 6150 mils): Symbol J1 Pin 7 [DN1, Unspecified, Line]
[pin_to_pin]: Pins of type Unspecified and Passive are connected
    ; warning
    @(5850 mils, 2300 mils): Symbol RST1 Pin 1 [1, Unspecified, Line]
    @(5500 mils, 2100 mils): Symbol C5 Pin 2 [2, Passive, Line]
[pin_to_pin]: Pins of type Unspecified and Unspecified are connected
    ; warning
    @(1800 mils, 6050 mils): Symbol J1 Pin 6 [DP1, Unspecified, Line]
    @(1800 mils, 6250 mils): Symbol J1 Pin 8 [DP2, Unspecified, Line]
[pin_to_pin]: Pins of type Unspecified and Passive are connected
    ; warning
    @(1800 mils, 6150 mils): Symbol J1 Pin 7 [DN1, Unspecified, Line]
    @(2750 mils, 6300 mils): Symbol R12 Pin 2 [Passive, Line]
[lib_symbol_mismatch]: Symbol 'TYPE-C16PIN2MD(073)' doesn't match copy in library '1_MyLib'
    ; warning
    @(2250 mils, 6100 mils): Symbol J1 [TYPE-C16PIN2MD(073)]
[pin_to_pin]: Pins of type Unspecified and Passive are connected
    ; warning
    @(1800 mils, 6250 mils): Symbol J1 Pin 8 [DP2, Unspecified, Line]
    @(2750 mils, 6050 mils): Symbol R11 Pin 2 [Passive, Line]
[pin_to_pin]: Pins of type Unspecified and Passive are connected
    ; warning
    @(1800 mils, 6450 mils): Symbol J1 Pin 10 [CC2, Unspecified, Line]
    @(1400 mils, 6450 mils): Symbol R10 Pin 1 [Passive, Line]
[pin_to_pin]: Pins of type Unspecified and Passive are connected
    ; warning
    @(6550 mils, 1500 mils): Symbol U2 Pin 5 [OUT, Unspecified, Line]
    @(6800 mils, 1800 mils): Symbol C6 Pin 2 [2, Passive, Line]
[pin_to_pin]: Pins of type Unspecified and Power input are connected
    ; warning
    @(1800 mils, 6650 mils): Symbol J1 Pin 12 [GND, Unspecified, Line]
    @(1400 mils, 6750 mils): Symbol #PWR010 Pin 1 [Power input, Line]
[lib_symbol_issues]: The current configuration does not include the symbol library 'XIAO ESP32C3_v1.3-eagle-import'
    ; warning
    @(6800 mils, 1950 mils): Symbol C6 [CAP-0201]
[lib_symbol_issues]: The current configuration does not include the symbol library 'Power_Gnd'
    ; warning
    @(7600 mils, 2400 mils): Symbol #PWR014 [GND]
[lib_symbol_issues]: The current configuration does not include the symbol library 'XIAO ESP32C3_v1.3-eagle-import'
    ; warning
    @(7850 mils, 1950 mils): Symbol C7 [CAP-0201]
[lib_symbol_issues]: The current configuration does not include the symbol library 'XIAO ESP32C3_v1.3-eagle-import'
    ; warning
    @(7850 mils, 2150 mils): Symbol R4 [RES-0201]
[pin_to_pin]: Pins of type Unspecified and Passive are connected
    ; warning
    @(8200 mils, 1950 mils): Symbol U3 Pin 4 [VCC, Unspecified, Line]
    @(8000 mils, 1950 mils): Symbol C7 Pin 2 [2, Passive, Line]
[pin_to_pin]: Pins of type Unspecified and Passive are connected
    ; warning
    @(8200 mils, 2150 mils): Symbol U3 Pin 5 [PROG, Unspecified, Line]
    @(8000 mils, 2150 mils): Symbol R4 Pin 1 [1, Passive, Line]
[pin_to_pin]: Pins of type Unspecified and Passive are connected
    ; warning
    @(9200 mils, 1950 mils): Symbol U3 Pin 3 [BAT, Unspecified, Line]
    @(9550 mils, 1650 mils): Symbol C8 Pin 1 [1, Passive, Line]
[pin_to_pin]: Pins of type Unspecified and Passive are connected
    ; warning
    @(9200 mils, 2050 mils): Symbol U3 Pin 2 [GND, Unspecified, Line]
    @(9850 mils, 1650 mils): Symbol C8 Pin 2 [2, Passive, Line]
[endpoint_off_grid]: Symbol pin or wire end off connection grid
    ; warning
    @(9550 mils, 1650 mils): Horizontal Wire, length 125 mils
[endpoint_off_grid]: Symbol pin or wire end off connection grid
    ; warning
    @(9250 mils, 1650 mils): Horizontal Wire, length 175 mils
[endpoint_off_grid]: Symbol pin or wire end off connection grid
    ; warning
    @(9425 mils, 1650 mils): Vertical Wire, length 100 mils
[pin_to_pin]: Pins of type Unspecified and Unspecified are connected
    ; warning
    @(9400 mils, 2150 mils): Symbol CHG1 Pin 2 [K, Unspecified, Line]
    @(9200 mils, 2150 mils): Symbol U3 Pin 1 [CHRG, Unspecified, Line]
[pin_to_pin]: Pins of type Unspecified and Passive are connected
    ; warning
    @(8700 mils, 4400 mils): Symbol U1 Pin 1 [3V3, Unspecified, Line]
    @(7950 mils, 4500 mils): Symbol R18 Pin 1 [Passive, Line]
[pin_to_pin]: Pins of type Unspecified and Passive are connected
    ; warning
    @(8700 mils, 4500 mils): Symbol U1 Pin 2 [EN, Unspecified, Line]
    @(8300 mils, 4700 mils): Symbol C12 Pin 2 [Passive, Line]
[lib_symbol_issues]: The current configuration does not include the symbol library 'XIAO ESP32C3_v1.3-eagle-import'
    ; warning
    @(9700 mils, 1650 mils): Symbol C8 [CAP-0201]
[pin_to_pin]: Pins of type Unspecified and Passive are connected
    ; warning
    @(8700 mils, 4600 mils): Symbol U1 Pin 3 [IO4, Unspecified, Line]
    @(1550 mils, 2600 mils): Symbol R1 Pin 1 [Passive, Line]
[pin_to_pin]: Pins of type Unspecified and Passive are connected
    ; warning
    @(8700 mils, 4700 mils): Symbol U1 Pin 4 [IO5, Unspecified, Line]
    @(5200 mils, 7000 mils): Symbol IC1 Pin 18 [H_CSN, Passive, Line]
[pin_to_pin]: Pins of type Unspecified and Passive are connected
    ; warning
    @(8700 mils, 4800 mils): Symbol U1 Pin 5 [IO6, Unspecified, Line]
    @(4200 mils, 5900 mils): Symbol IC1 Pin 14 [H_INTN, Passive, Line]
[lib_symbol_issues]: The current configuration does not include the symbol library 'Power_Gnd'
    ; warning
    @(9850 mils, 1350 mils): Symbol #PWR015 [GND]
[pin_to_pin]: Pins of type Unspecified and Passive are connected
    ; warning
    @(9800 mils, 2150 mils): Symbol CHG1 Pin 1 [A, Unspecified, Line]
    @(9850 mils, 2150 mils): Symbol R5 Pin 2 [2, Passive, Line]
[pin_to_pin]: Pins of type Unspecified and Passive are connected
    ; warning
    @(8700 mils, 5000 mils): Symbol U1 Pin 7 [IO8, Unspecified, Line]
    @(5300 mils, 7000 mils): Symbol IC1 Pin 19 [H_SCL/SCK/RX, Passive, Line]
[pin_to_pin]: Pins of type Unspecified and Passive are connected
    ; warning
    @(8700 mils, 5100 mils): Symbol U1 Pin 8 [IO9, Unspecified, Line]
    @(6100 mils, 6000 mils): Symbol IC1 Pin 20 [H_SDA/H_MISO/TX, Passive, Line]
[pin_to_pin]: Pins of type Unspecified and Passive are connected
    ; warning
    @(8700 mils, 5200 mils): Symbol U1 Pin 9 [GND, Unspecified, Line]
    @(8300 mils, 5000 mils): Symbol C12 Pin 1 [Passive, Line]
[lib_symbol_issues]: The current configuration does not include the symbol library 'XIAO ESP32C3_v1.3-eagle-import'
    ; warning
    @(10000 mils, 2150 mils): Symbol R5 [RES-0201]
[pin_to_pin]: Pins of type Unspecified and Power input are connected
    ; warning
    @(9500 mils, 4300 mils): Symbol U1 Pin 19 [EP, Unspecified, Line]
    @(9500 mils, 4300 mils): Symbol #PWR08 Pin 1 [Power input, Line]
[pin_to_pin]: Pins of type Unspecified and Passive are connected
    ; warning
    @(9500 mils, 4400 mils): Symbol U1 Pin 18 [IO0, Unspecified, Line]
    @(2800 mils, 4600 mils): Symbol R7 Pin 1 [Passive, Line]
[pin_to_pin]: Pins of type Unspecified and Passive are connected
    ; warning
    @(9500 mils, 4500 mils): Symbol U1 Pin 17 [IO1, Unspecified, Line]
    @(2800 mils, 4800 mils): Symbol R8 Pin 1 [Passive, Line]
[pin_to_pin]: Pins of type Unspecified and Passive are connected
    ; warning
    @(9500 mils, 4600 mils): Symbol U1 Pin 16 [IO2, Unspecified, Line]
    @(4200 mils, 5100 mils): Symbol IC1 Pin 6 [PS0/WAKE, Passive, Line]
[pin_to_pin]: Pins of type Unspecified and Passive are connected
    ; warning
    @(9500 mils, 4700 mils): Symbol U1 Pin 15 [IO3, Unspecified, Line]
    @(1600 mils, 4600 mils): Symbol R6 Pin 2 [Passive, Line]
[pin_to_pin]: Pins of type Unspecified and Passive are connected
    ; warning
    @(9500 mils, 4800 mils): Symbol U1 Pin 14 [IO19, Unspecified, Line]
    @(3050 mils, 6050 mils): Symbol R11 Pin 1 [Passive, Line]
[pin_to_pin]: Pins of type Unspecified and Passive are connected
    ; warning
    @(9500 mils, 4900 mils): Symbol U1 Pin 13 [IO18, Unspecified, Line]
    @(3050 mils, 6300 mils): Symbol R12 Pin 1 [Passive, Line]
[pin_to_pin]: Pins of type Unspecified and Passive are connected
    ; warning
    @(9500 mils, 5000 mils): Symbol U1 Pin 12 [TXD, Unspecified, Line]
    @(2050 mils, 3350 mils): Symbol R20 Pin 2 [2, Passive, Line]
[pin_to_pin]: Pins of type Unspecified and Passive are connected
    ; warning
    @(9500 mils, 5100 mils): Symbol U1 Pin 11 [RXD, Unspecified, Line]
    @(4200 mils, 5600 mils): Symbol IC1 Pin 11 [NRST, Passive, Line]
[pin_to_pin]: Pins of type Unspecified and Passive are connected
    ; warning
    @(9500 mils, 5200 mils): Symbol U1 Pin 10 [IO10, Unspecified, Line]
    @(5100 mils, 7000 mils): Symbol IC1 Pin 17 [SA0/H_MOSI, Passive, Line]

 ** ERC messages: 81  Errors 1  Warnings 80
